<?xml version="1.0" encoding="UTF-8"?>
<testsuite xmlns:xsi="http://www.w3.org/2001/XMLSchema-instance" xsi:noNamespaceSchemaLocation="https://maven.apache.org/surefire/maven-surefire-plugin/xsd/surefire-test-report.xsd" name="pl.camp.it.filmweb.services.impl.ReviewServiceImplTest" time="0.532" tests="3" errors="0" skipped="0" failures="0">
  <properties>
[...]
</properties>
  <testcase name="userReviewInDb" classname="pl.camp.it.filmweb.services.impl.ReviewServiceImplTest" time="0.103"/>
  <testcase name="userReviewInDbForAnotherMovie" classname="pl.camp.it.filmweb.services.impl.ReviewServiceImplTest" time="0.099"/>
  <testcase name="noUserReviewInDb" classname="pl.camp.it.filmweb.services.impl.ReviewServiceImplTest" time="0.085"/>
</testsuite>